{"timestamp":"2025-10-19T15:11:52.735536","level":"info","event":"DAG bundles loaded: dags-folder, example_dags","logger":"airflow.dag_processing.bundles.manager.DagBundlesManager"}
{"timestamp":"2025-10-19T15:11:52.736201","level":"info","event":"Filling up the DagBag from /home/lawre/ecom-lakehouse/airflow/dags/ecom_pipeline_dag.py","logger":"airflow.models.dagbag.DagBag"}
{"timestamp":"2025-10-19T15:11:52.776049Z","level":"info","event":"Task instance is in running state","chan":"stdout","logger":"task"}
{"timestamp":"2025-10-19T15:11:52.776170Z","level":"info","event":" Previous state of the Task instance: TaskInstanceState.QUEUED","chan":"stdout","logger":"task"}
{"timestamp":"2025-10-19T15:11:52.776265Z","level":"info","event":"Current task name:silver_transform","chan":"stdout","logger":"task"}
{"timestamp":"2025-10-19T15:11:52.776399Z","level":"info","event":"Dag name:ecom_orders_pipeline","chan":"stdout","logger":"task"}
{"timestamp":"2025-10-19T15:11:52.776761","level":"info","event":"Tmp dir root location: /tmp","logger":"airflow.task.hooks.airflow.providers.standard.hooks.subprocess.SubprocessHook"}
{"timestamp":"2025-10-19T15:11:52.777600","level":"info","event":"Running command: ['/usr/bin/bash', '-c', 'python3 ~/ecom-lakehouse/scripts/silver_transform.py']","logger":"airflow.task.hooks.airflow.providers.standard.hooks.subprocess.SubprocessHook"}
{"timestamp":"2025-10-19T15:11:52.786775","level":"info","event":"Output:","logger":"airflow.task.hooks.airflow.providers.standard.hooks.subprocess.SubprocessHook"}
{"timestamp":"2025-10-19T15:11:53.131969","level":"info","event":"✅ Bronze data loaded:","logger":"airflow.task.hooks.airflow.providers.standard.hooks.subprocess.SubprocessHook"}
{"timestamp":"2025-10-19T15:11:53.132140","level":"info","event":"   order_id customer_name  amount  order_date","logger":"airflow.task.hooks.airflow.providers.standard.hooks.subprocess.SubprocessHook"}
{"timestamp":"2025-10-19T15:11:53.132212","level":"info","event":"0         1         Alice  250.75  2025-10-17","logger":"airflow.task.hooks.airflow.providers.standard.hooks.subprocess.SubprocessHook"}
{"timestamp":"2025-10-19T15:11:53.132274","level":"info","event":"1         2           Bob  100.50  2025-10-18","logger":"airflow.task.hooks.airflow.providers.standard.hooks.subprocess.SubprocessHook"}
{"timestamp":"2025-10-19T15:11:53.132386","level":"info","event":"2         3       Charlie  300.40  2025-10-19","logger":"airflow.task.hooks.airflow.providers.standard.hooks.subprocess.SubprocessHook"}
{"timestamp":"2025-10-19T15:11:53.132443","level":"info","event":"","logger":"airflow.task.hooks.airflow.providers.standard.hooks.subprocess.SubprocessHook"}
{"timestamp":"2025-10-19T15:11:53.132501","level":"info","event":"✅ Silver data saved to: /home/lawre/ecom-lakehouse/data/silver/orders_silver_20251019_151153.csv","logger":"airflow.task.hooks.airflow.providers.standard.hooks.subprocess.SubprocessHook"}
{"timestamp":"2025-10-19T15:11:53.183488","level":"info","event":"Command exited with return code 0","logger":"airflow.task.hooks.airflow.providers.standard.hooks.subprocess.SubprocessHook"}
{"timestamp":"2025-10-19T15:11:53.184194","level":"info","event":"Pushing xcom","ti":"RuntimeTaskInstance(id=UUID('0199fd06-e308-79c9-9328-07d76c153576'), task_id='silver_transform', dag_id='ecom_orders_pipeline', run_id='manual__2025-10-19T15:11:50.646632+00:00_S0M1fD8N', try_number=1, map_index=-1, hostname='DESKTOP-1MAK5DI.localdomain', context_carrier=None, task=<Task(BashOperator): silver_transform>, bundle_instance=LocalDagBundle(name=dags-folder), max_tries=1, start_date=datetime.datetime(2025, 10, 19, 15, 11, 52, 702037, tzinfo=datetime.timezone.utc), end_date=None, state=<TaskInstanceState.RUNNING: 'running'>, is_mapped=False, rendered_map_index=None, log_url='http://localhost:8080/dags/ecom_orders_pipeline/runs/manual__2025-10-19T15%3A11%3A50.646632%2B00%3A00_S0M1fD8N/tasks/silver_transform?try_number=1')","logger":"task"}
{"timestamp":"2025-10-19T15:11:53.226586Z","level":"info","event":"Task instance in success state","chan":"stdout","logger":"task"}
{"timestamp":"2025-10-19T15:11:53.226733Z","level":"info","event":" Previous state of the Task instance: TaskInstanceState.RUNNING","chan":"stdout","logger":"task"}
{"timestamp":"2025-10-19T15:11:53.226845Z","level":"info","event":"Task operator:<Task(BashOperator): silver_transform>","chan":"stdout","logger":"task"}
