{"timestamp":"2025-10-19T15:14:03.130288","level":"info","event":"DAG bundles loaded: dags-folder, example_dags","logger":"airflow.dag_processing.bundles.manager.DagBundlesManager"}
{"timestamp":"2025-10-19T15:14:03.131533","level":"info","event":"Filling up the DagBag from /home/lawre/ecom-lakehouse/airflow/dags/ecom_pipeline_dag.py","logger":"airflow.models.dagbag.DagBag"}
{"timestamp":"2025-10-19T15:14:03.177746Z","level":"info","event":"Task instance is in running state","chan":"stdout","logger":"task"}
{"timestamp":"2025-10-19T15:14:03.177876Z","level":"info","event":" Previous state of the Task instance: TaskInstanceState.QUEUED","chan":"stdout","logger":"task"}
{"timestamp":"2025-10-19T15:14:03.178134Z","level":"info","event":"Current task name:gold_aggregate","chan":"stdout","logger":"task"}
{"timestamp":"2025-10-19T15:14:03.178252Z","level":"info","event":"Dag name:ecom_orders_pipeline","chan":"stdout","logger":"task"}
{"timestamp":"2025-10-19T15:14:03.178664","level":"info","event":"Tmp dir root location: /tmp","logger":"airflow.task.hooks.airflow.providers.standard.hooks.subprocess.SubprocessHook"}
{"timestamp":"2025-10-19T15:14:03.179812","level":"info","event":"Running command: ['/usr/bin/bash', '-c', 'python3 ~/ecom-lakehouse/scripts/gold_aggregate.py']","logger":"airflow.task.hooks.airflow.providers.standard.hooks.subprocess.SubprocessHook"}
{"timestamp":"2025-10-19T15:14:03.191240","level":"info","event":"Output:","logger":"airflow.task.hooks.airflow.providers.standard.hooks.subprocess.SubprocessHook"}
{"timestamp":"2025-10-19T15:14:03.688593","level":"info","event":"✅ Loaded Silver file: /home/lawre/ecom-lakehouse/data/silver/orders_silver_20251019_151401.csv","logger":"airflow.task.hooks.airflow.providers.standard.hooks.subprocess.SubprocessHook"}
{"timestamp":"2025-10-19T15:14:03.688822","level":"info","event":"✅ Gold layer created successfully!","logger":"airflow.task.hooks.airflow.providers.standard.hooks.subprocess.SubprocessHook"}
{"timestamp":"2025-10-19T15:14:03.688962","level":"info","event":"📂 File saved to: /home/lawre/ecom-lakehouse/data/gold/orders_gold_20251019_151403.csv","logger":"airflow.task.hooks.airflow.providers.standard.hooks.subprocess.SubprocessHook"}
{"timestamp":"2025-10-19T15:14:03.689042","level":"info","event":"","logger":"airflow.task.hooks.airflow.providers.standard.hooks.subprocess.SubprocessHook"}
{"timestamp":"2025-10-19T15:14:03.689109","level":"info","event":"💡 Preview:","logger":"airflow.task.hooks.airflow.providers.standard.hooks.subprocess.SubprocessHook"}
{"timestamp":"2025-10-19T15:14:03.689176","level":"info","event":"  order_month customer  total_spent  orders","logger":"airflow.task.hooks.airflow.providers.standard.hooks.subprocess.SubprocessHook"}
{"timestamp":"2025-10-19T15:14:03.689285","level":"info","event":"2     2025-10  Charlie       300.40       1","logger":"airflow.task.hooks.airflow.providers.standard.hooks.subprocess.SubprocessHook"}
{"timestamp":"2025-10-19T15:14:03.689381","level":"info","event":"0     2025-10    Alice       250.75       1","logger":"airflow.task.hooks.airflow.providers.standard.hooks.subprocess.SubprocessHook"}
{"timestamp":"2025-10-19T15:14:03.689448","level":"info","event":"1     2025-10      Bob       100.50       1","logger":"airflow.task.hooks.airflow.providers.standard.hooks.subprocess.SubprocessHook"}
{"timestamp":"2025-10-19T15:14:03.768034","level":"info","event":"Command exited with return code 0","logger":"airflow.task.hooks.airflow.providers.standard.hooks.subprocess.SubprocessHook"}
{"timestamp":"2025-10-19T15:14:03.768749","level":"info","event":"Pushing xcom","ti":"RuntimeTaskInstance(id=UUID('0199fd08-d7ac-7b90-a7be-5ed1b27f7d80'), task_id='gold_aggregate', dag_id='ecom_orders_pipeline', run_id='manual__2025-10-19T15:13:59.194502+00:00', try_number=1, map_index=-1, hostname='DESKTOP-1MAK5DI.localdomain', context_carrier=None, task=<Task(BashOperator): gold_aggregate>, bundle_instance=LocalDagBundle(name=dags-folder), max_tries=1, start_date=datetime.datetime(2025, 10, 19, 15, 14, 3, 95756, tzinfo=datetime.timezone.utc), end_date=None, state=<TaskInstanceState.RUNNING: 'running'>, is_mapped=False, rendered_map_index=None, log_url='http://localhost:8080/dags/ecom_orders_pipeline/runs/manual__2025-10-19T15%3A13%3A59.194502%2B00%3A00/tasks/gold_aggregate?try_number=1')","logger":"task"}
{"timestamp":"2025-10-19T15:14:03.807386Z","level":"info","event":"Task instance in success state","chan":"stdout","logger":"task"}
{"timestamp":"2025-10-19T15:14:03.807500Z","level":"info","event":" Previous state of the Task instance: TaskInstanceState.RUNNING","chan":"stdout","logger":"task"}
{"timestamp":"2025-10-19T15:14:03.807791Z","level":"info","event":"Task operator:<Task(BashOperator): gold_aggregate>","chan":"stdout","logger":"task"}
