{"timestamp":"2025-10-19T15:18:58.147510","level":"info","event":"DAG bundles loaded: dags-folder, example_dags","logger":"airflow.dag_processing.bundles.manager.DagBundlesManager"}
{"timestamp":"2025-10-19T15:18:58.148248","level":"info","event":"Filling up the DagBag from /home/lawre/ecom-lakehouse/airflow/dags/ecom_pipeline_dag.py","logger":"airflow.models.dagbag.DagBag"}
{"timestamp":"2025-10-19T15:18:58.231323Z","level":"info","event":"Task instance is in running state","chan":"stdout","logger":"task"}
{"timestamp":"2025-10-19T15:18:58.231493Z","level":"info","event":" Previous state of the Task instance: TaskInstanceState.QUEUED","chan":"stdout","logger":"task"}
{"timestamp":"2025-10-19T15:18:58.231676Z","level":"info","event":"Current task name:silver_transform","chan":"stdout","logger":"task"}
{"timestamp":"2025-10-19T15:18:58.231762Z","level":"info","event":"Dag name:ecom_orders_pipeline","chan":"stdout","logger":"task"}
{"timestamp":"2025-10-19T15:18:58.232469","level":"info","event":"Tmp dir root location: /tmp","logger":"airflow.task.hooks.airflow.providers.standard.hooks.subprocess.SubprocessHook"}
{"timestamp":"2025-10-19T15:18:58.233545","level":"info","event":"Running command: ['/usr/bin/bash', '-c', 'python3 ~/ecom-lakehouse/scripts/silver_transform.py']","logger":"airflow.task.hooks.airflow.providers.standard.hooks.subprocess.SubprocessHook"}
{"timestamp":"2025-10-19T15:18:58.246345","level":"info","event":"Output:","logger":"airflow.task.hooks.airflow.providers.standard.hooks.subprocess.SubprocessHook"}
{"timestamp":"2025-10-19T15:18:58.626913","level":"info","event":"✅ Bronze data loaded:","logger":"airflow.task.hooks.airflow.providers.standard.hooks.subprocess.SubprocessHook"}
{"timestamp":"2025-10-19T15:18:58.627070","level":"info","event":"   order_id customer_name  amount  order_date","logger":"airflow.task.hooks.airflow.providers.standard.hooks.subprocess.SubprocessHook"}
{"timestamp":"2025-10-19T15:18:58.627161","level":"info","event":"0         1         Alice  250.75  2025-10-17","logger":"airflow.task.hooks.airflow.providers.standard.hooks.subprocess.SubprocessHook"}
{"timestamp":"2025-10-19T15:18:58.627228","level":"info","event":"1         2           Bob  100.50  2025-10-18","logger":"airflow.task.hooks.airflow.providers.standard.hooks.subprocess.SubprocessHook"}
{"timestamp":"2025-10-19T15:18:58.627285","level":"info","event":"2         3       Charlie  300.40  2025-10-19","logger":"airflow.task.hooks.airflow.providers.standard.hooks.subprocess.SubprocessHook"}
{"timestamp":"2025-10-19T15:18:58.627342","level":"info","event":"","logger":"airflow.task.hooks.airflow.providers.standard.hooks.subprocess.SubprocessHook"}
{"timestamp":"2025-10-19T15:18:58.627403","level":"info","event":"✅ Silver data saved to: /home/lawre/ecom-lakehouse/data/silver/orders_silver_20251019_151858.csv","logger":"airflow.task.hooks.airflow.providers.standard.hooks.subprocess.SubprocessHook"}
{"timestamp":"2025-10-19T15:18:58.678836","level":"info","event":"Command exited with return code 0","logger":"airflow.task.hooks.airflow.providers.standard.hooks.subprocess.SubprocessHook"}
{"timestamp":"2025-10-19T15:18:58.679546","level":"info","event":"Pushing xcom","ti":"RuntimeTaskInstance(id=UUID('0199fd0d-5a28-7626-a7d3-14012abdeeea'), task_id='silver_transform', dag_id='ecom_orders_pipeline', run_id='manual__2025-10-19T15:18:54.369527+00:00_88dtnrPi', try_number=1, map_index=-1, hostname='DESKTOP-1MAK5DI.localdomain', context_carrier=None, task=<Task(BashOperator): silver_transform>, bundle_instance=LocalDagBundle(name=dags-folder), max_tries=1, start_date=datetime.datetime(2025, 10, 19, 15, 18, 56, 881431, tzinfo=datetime.timezone.utc), end_date=None, state=<TaskInstanceState.RUNNING: 'running'>, is_mapped=False, rendered_map_index=None, log_url='http://localhost:8080/dags/ecom_orders_pipeline/runs/manual__2025-10-19T15%3A18%3A54.369527%2B00%3A00_88dtnrPi/tasks/silver_transform?try_number=1')","logger":"task"}
{"timestamp":"2025-10-19T15:18:58.743828Z","level":"info","event":"Task instance in success state","chan":"stdout","logger":"task"}
{"timestamp":"2025-10-19T15:18:58.744044Z","level":"info","event":" Previous state of the Task instance: TaskInstanceState.RUNNING","chan":"stdout","logger":"task"}
{"timestamp":"2025-10-19T15:18:58.744208Z","level":"info","event":"Task operator:<Task(BashOperator): silver_transform>","chan":"stdout","logger":"task"}
