{"timestamp":"2025-10-19T15:04:58.171219","level":"info","event":"DAG bundles loaded: dags-folder, example_dags","logger":"airflow.dag_processing.bundles.manager.DagBundlesManager"}
{"timestamp":"2025-10-19T15:04:58.172088","level":"info","event":"Filling up the DagBag from /home/lawre/ecom-lakehouse/airflow/dags/ecom_pipeline_dag.py","logger":"airflow.models.dagbag.DagBag"}
{"timestamp":"2025-10-19T15:04:58.233591Z","level":"info","event":"Task instance is in running state","chan":"stdout","logger":"task"}
{"timestamp":"2025-10-19T15:04:58.233724Z","level":"info","event":" Previous state of the Task instance: TaskInstanceState.QUEUED","chan":"stdout","logger":"task"}
{"timestamp":"2025-10-19T15:04:58.233857Z","level":"info","event":"Current task name:gold_aggregate","chan":"stdout","logger":"task"}
{"timestamp":"2025-10-19T15:04:58.233952Z","level":"info","event":"Dag name:ecom_orders_pipeline","chan":"stdout","logger":"task"}
{"timestamp":"2025-10-19T15:04:58.234590","level":"info","event":"Tmp dir root location: /tmp","logger":"airflow.task.hooks.airflow.providers.standard.hooks.subprocess.SubprocessHook"}
{"timestamp":"2025-10-19T15:04:58.235541","level":"info","event":"Running command: ['/usr/bin/bash', '-c', 'python3 ~/ecom-lakehouse/scripts/gold_aggregate.py']","logger":"airflow.task.hooks.airflow.providers.standard.hooks.subprocess.SubprocessHook"}
{"timestamp":"2025-10-19T15:04:58.247234","level":"info","event":"Output:","logger":"airflow.task.hooks.airflow.providers.standard.hooks.subprocess.SubprocessHook"}
{"timestamp":"2025-10-19T15:04:58.677988","level":"info","event":"✅ Loaded Silver file: /home/lawre/ecom-lakehouse/data/silver/orders_silver_20251019_150456.csv","logger":"airflow.task.hooks.airflow.providers.standard.hooks.subprocess.SubprocessHook"}
{"timestamp":"2025-10-19T15:04:58.678160","level":"info","event":"✅ Gold layer created successfully!","logger":"airflow.task.hooks.airflow.providers.standard.hooks.subprocess.SubprocessHook"}
{"timestamp":"2025-10-19T15:04:58.678255","level":"info","event":"📂 File saved to: /home/lawre/ecom-lakehouse/data/gold/orders_gold_20251019_150458.csv","logger":"airflow.task.hooks.airflow.providers.standard.hooks.subprocess.SubprocessHook"}
{"timestamp":"2025-10-19T15:04:58.678326","level":"info","event":"","logger":"airflow.task.hooks.airflow.providers.standard.hooks.subprocess.SubprocessHook"}
{"timestamp":"2025-10-19T15:04:58.678387","level":"info","event":"💡 Preview:","logger":"airflow.task.hooks.airflow.providers.standard.hooks.subprocess.SubprocessHook"}
{"timestamp":"2025-10-19T15:04:58.678447","level":"info","event":"  order_month customer  total_spent  orders","logger":"airflow.task.hooks.airflow.providers.standard.hooks.subprocess.SubprocessHook"}
{"timestamp":"2025-10-19T15:04:58.678503","level":"info","event":"2     2025-10  Charlie       300.40       1","logger":"airflow.task.hooks.airflow.providers.standard.hooks.subprocess.SubprocessHook"}
{"timestamp":"2025-10-19T15:04:58.678557","level":"info","event":"0     2025-10    Alice       250.75       1","logger":"airflow.task.hooks.airflow.providers.standard.hooks.subprocess.SubprocessHook"}
{"timestamp":"2025-10-19T15:04:58.678610","level":"info","event":"1     2025-10      Bob       100.50       1","logger":"airflow.task.hooks.airflow.providers.standard.hooks.subprocess.SubprocessHook"}
{"timestamp":"2025-10-19T15:04:58.733741","level":"info","event":"Command exited with return code 0","logger":"airflow.task.hooks.airflow.providers.standard.hooks.subprocess.SubprocessHook"}
{"timestamp":"2025-10-19T15:04:58.734540","level":"info","event":"Pushing xcom","ti":"RuntimeTaskInstance(id=UUID('0199fd00-759d-742a-9e85-02d4860997a7'), task_id='gold_aggregate', dag_id='ecom_orders_pipeline', run_id='manual__2025-10-19T15:04:49.784041+00:00', try_number=1, map_index=-1, hostname='DESKTOP-1MAK5DI.localdomain', context_carrier=None, task=<Task(BashOperator): gold_aggregate>, bundle_instance=LocalDagBundle(name=dags-folder), max_tries=1, start_date=datetime.datetime(2025, 10, 19, 15, 4, 56, 843243, tzinfo=datetime.timezone.utc), end_date=None, state=<TaskInstanceState.RUNNING: 'running'>, is_mapped=False, rendered_map_index=None, log_url='http://localhost:8080/dags/ecom_orders_pipeline/runs/manual__2025-10-19T15%3A04%3A49.784041%2B00%3A00/tasks/gold_aggregate?try_number=1')","logger":"task"}
{"timestamp":"2025-10-19T15:04:58.809635Z","level":"info","event":"Task instance in success state","chan":"stdout","logger":"task"}
{"timestamp":"2025-10-19T15:04:58.809835Z","level":"info","event":" Previous state of the Task instance: TaskInstanceState.RUNNING","chan":"stdout","logger":"task"}
{"timestamp":"2025-10-19T15:04:58.810365Z","level":"info","event":"Task operator:<Task(BashOperator): gold_aggregate>","chan":"stdout","logger":"task"}
