{"timestamp":"2025-10-19T15:29:05.858924Z","level":"info","event":"DAG bundles loaded: dags-folder, example_dags","logger":"airflow.dag_processing.bundles.manager.DagBundlesManager","filename":"manager.py","lineno":179}
{"timestamp":"2025-10-19T15:29:05.859637Z","level":"info","event":"Filling up the DagBag from /home/lawre/ecom-lakehouse/airflow/dags/ecom_pipeline_dag.py","logger":"airflow.models.dagbag.DagBag","filename":"dagbag.py","lineno":593}
{"timestamp":"2025-10-19T15:29:05.868912Z","level":"warning","event":"The `airflow.operators.bash.BashOperator` attribute is deprecated. Please use `'airflow.providers.standard.operators.bash.BashOperator'`.","category":"DeprecatedImportWarning","filename":"/home/lawre/ecom-lakehouse/airflow/dags/ecom_pipeline_dag.py","lineno":2,"logger":"py.warnings"}
{"timestamp":"2025-10-19T15:29:05.887304Z","level":"info","event":"Task instance is in running state","logger":"task.stdout"}
{"timestamp":"2025-10-19T15:29:05.887425Z","level":"info","event":" Previous state of the Task instance: TaskInstanceState.QUEUED","logger":"task.stdout"}
{"timestamp":"2025-10-19T15:29:05.887534Z","level":"info","event":"Current task name:silver_transform","logger":"task.stdout"}
{"timestamp":"2025-10-19T15:29:05.887586Z","level":"info","event":"Dag name:ecom_orders_pipeline","logger":"task.stdout"}
{"timestamp":"2025-10-19T15:29:05.888021Z","level":"info","event":"Tmp dir root location: /tmp","logger":"airflow.task.hooks.airflow.providers.standard.hooks.subprocess.SubprocessHook","filename":"subprocess.py","lineno":78}
{"timestamp":"2025-10-19T15:29:05.888754Z","level":"info","event":"Running command: ['/usr/bin/bash', '-c', 'python3 ~/ecom-lakehouse/scripts/silver_transform.py']","logger":"airflow.task.hooks.airflow.providers.standard.hooks.subprocess.SubprocessHook","filename":"subprocess.py","lineno":88}
{"timestamp":"2025-10-19T15:29:05.896421Z","level":"info","event":"Output:","logger":"airflow.task.hooks.airflow.providers.standard.hooks.subprocess.SubprocessHook","filename":"subprocess.py","lineno":99}
{"timestamp":"2025-10-19T15:29:06.338700Z","level":"info","event":"✅ Bronze data loaded:","logger":"airflow.task.hooks.airflow.providers.standard.hooks.subprocess.SubprocessHook","filename":"subprocess.py","lineno":106}
{"timestamp":"2025-10-19T15:29:06.338892Z","level":"info","event":"   order_id customer_name  amount  order_date","logger":"airflow.task.hooks.airflow.providers.standard.hooks.subprocess.SubprocessHook","filename":"subprocess.py","lineno":106}
{"timestamp":"2025-10-19T15:29:06.338957Z","level":"info","event":"0         1         Alice  250.75  2025-10-17","logger":"airflow.task.hooks.airflow.providers.standard.hooks.subprocess.SubprocessHook","filename":"subprocess.py","lineno":106}
{"timestamp":"2025-10-19T15:29:06.338995Z","level":"info","event":"1         2           Bob  100.50  2025-10-18","logger":"airflow.task.hooks.airflow.providers.standard.hooks.subprocess.SubprocessHook","filename":"subprocess.py","lineno":106}
{"timestamp":"2025-10-19T15:29:06.339033Z","level":"info","event":"2         3       Charlie  300.40  2025-10-19","logger":"airflow.task.hooks.airflow.providers.standard.hooks.subprocess.SubprocessHook","filename":"subprocess.py","lineno":106}
{"timestamp":"2025-10-19T15:29:06.339067Z","level":"info","event":"","logger":"airflow.task.hooks.airflow.providers.standard.hooks.subprocess.SubprocessHook","filename":"subprocess.py","lineno":106}
{"timestamp":"2025-10-19T15:29:06.339102Z","level":"info","event":"✅ Silver data saved to: /home/lawre/ecom-lakehouse/data/silver/orders_silver_20251019_152906.csv","logger":"airflow.task.hooks.airflow.providers.standard.hooks.subprocess.SubprocessHook","filename":"subprocess.py","lineno":106}
{"timestamp":"2025-10-19T15:29:06.394399Z","level":"info","event":"Command exited with return code 0","logger":"airflow.task.hooks.airflow.providers.standard.hooks.subprocess.SubprocessHook","filename":"subprocess.py","lineno":110}
{"timestamp":"2025-10-19T15:29:06.395105Z","level":"info","event":"Pushing xcom","ti":"RuntimeTaskInstance(id=UUID('0199fd16-9dff-7ffc-9ece-d785fe7a6927'), task_id='silver_transform', dag_id='ecom_orders_pipeline', run_id='manual__2025-10-19T15:29:01.908819+00:00', try_number=1, dag_version_id=UUID('0199fd15-b164-7bcb-8b7a-4f148fcada1d'), map_index=-1, hostname='DESKTOP-1MAK5DI.localdomain', context_carrier={}, task=<Task(BashOperator): silver_transform>, bundle_instance=LocalDagBundle(name=dags-folder), max_tries=1, start_date=datetime.datetime(2025, 10, 19, 15, 29, 5, 836439, tzinfo=datetime.timezone.utc), end_date=None, state=<TaskInstanceState.RUNNING: 'running'>, is_mapped=False, rendered_map_index=None)","logger":"task","filename":"task_runner.py","lineno":1352}
{"timestamp":"2025-10-19T15:29:06.420833Z","level":"info","event":"Task instance in success state","logger":"task.stdout"}
{"timestamp":"2025-10-19T15:29:06.421030Z","level":"info","event":" Previous state of the Task instance: TaskInstanceState.RUNNING","logger":"task.stdout"}
{"timestamp":"2025-10-19T15:29:06.421769Z","level":"info","event":"Task operator:<Task(BashOperator): silver_transform>","logger":"task.stdout"}
