{"timestamp":"2025-10-19T15:11:53.783880","level":"info","event":"DAG bundles loaded: dags-folder, example_dags","logger":"airflow.dag_processing.bundles.manager.DagBundlesManager"}
{"timestamp":"2025-10-19T15:11:53.785147","level":"info","event":"Filling up the DagBag from /home/lawre/ecom-lakehouse/airflow/dags/ecom_pipeline_dag.py","logger":"airflow.models.dagbag.DagBag"}
{"timestamp":"2025-10-19T15:11:53.827334Z","level":"info","event":"Task instance is in running state","chan":"stdout","logger":"task"}
{"timestamp":"2025-10-19T15:11:53.827456Z","level":"info","event":" Previous state of the Task instance: TaskInstanceState.QUEUED","chan":"stdout","logger":"task"}
{"timestamp":"2025-10-19T15:11:53.827552Z","level":"info","event":"Current task name:gold_aggregate","chan":"stdout","logger":"task"}
{"timestamp":"2025-10-19T15:11:53.827607Z","level":"info","event":"Dag name:ecom_orders_pipeline","chan":"stdout","logger":"task"}
{"timestamp":"2025-10-19T15:11:53.828036","level":"info","event":"Tmp dir root location: /tmp","logger":"airflow.task.hooks.airflow.providers.standard.hooks.subprocess.SubprocessHook"}
{"timestamp":"2025-10-19T15:11:53.829282","level":"info","event":"Running command: ['/usr/bin/bash', '-c', 'python3 ~/ecom-lakehouse/scripts/gold_aggregate.py']","logger":"airflow.task.hooks.airflow.providers.standard.hooks.subprocess.SubprocessHook"}
{"timestamp":"2025-10-19T15:11:53.837798","level":"info","event":"Output:","logger":"airflow.task.hooks.airflow.providers.standard.hooks.subprocess.SubprocessHook"}
{"timestamp":"2025-10-19T15:11:54.210443","level":"info","event":"✅ Loaded Silver file: /home/lawre/ecom-lakehouse/data/silver/orders_silver_20251019_151153.csv","logger":"airflow.task.hooks.airflow.providers.standard.hooks.subprocess.SubprocessHook"}
{"timestamp":"2025-10-19T15:11:54.210611","level":"info","event":"✅ Gold layer created successfully!","logger":"airflow.task.hooks.airflow.providers.standard.hooks.subprocess.SubprocessHook"}
{"timestamp":"2025-10-19T15:11:54.210700","level":"info","event":"📂 File saved to: /home/lawre/ecom-lakehouse/data/gold/orders_gold_20251019_151154.csv","logger":"airflow.task.hooks.airflow.providers.standard.hooks.subprocess.SubprocessHook"}
{"timestamp":"2025-10-19T15:11:54.210767","level":"info","event":"","logger":"airflow.task.hooks.airflow.providers.standard.hooks.subprocess.SubprocessHook"}
{"timestamp":"2025-10-19T15:11:54.210827","level":"info","event":"💡 Preview:","logger":"airflow.task.hooks.airflow.providers.standard.hooks.subprocess.SubprocessHook"}
{"timestamp":"2025-10-19T15:11:54.210889","level":"info","event":"  order_month customer  total_spent  orders","logger":"airflow.task.hooks.airflow.providers.standard.hooks.subprocess.SubprocessHook"}
{"timestamp":"2025-10-19T15:11:54.210944","level":"info","event":"2     2025-10  Charlie       300.40       1","logger":"airflow.task.hooks.airflow.providers.standard.hooks.subprocess.SubprocessHook"}
{"timestamp":"2025-10-19T15:11:54.210998","level":"info","event":"0     2025-10    Alice       250.75       1","logger":"airflow.task.hooks.airflow.providers.standard.hooks.subprocess.SubprocessHook"}
{"timestamp":"2025-10-19T15:11:54.211082","level":"info","event":"1     2025-10      Bob       100.50       1","logger":"airflow.task.hooks.airflow.providers.standard.hooks.subprocess.SubprocessHook"}
{"timestamp":"2025-10-19T15:11:54.263229","level":"info","event":"Command exited with return code 0","logger":"airflow.task.hooks.airflow.providers.standard.hooks.subprocess.SubprocessHook"}
{"timestamp":"2025-10-19T15:11:54.263962","level":"info","event":"Pushing xcom","ti":"RuntimeTaskInstance(id=UUID('0199fd06-e309-7399-8fbc-3d9cedd588f1'), task_id='gold_aggregate', dag_id='ecom_orders_pipeline', run_id='manual__2025-10-19T15:11:50.646632+00:00_S0M1fD8N', try_number=1, map_index=-1, hostname='DESKTOP-1MAK5DI.localdomain', context_carrier=None, task=<Task(BashOperator): gold_aggregate>, bundle_instance=LocalDagBundle(name=dags-folder), max_tries=1, start_date=datetime.datetime(2025, 10, 19, 15, 11, 53, 753419, tzinfo=datetime.timezone.utc), end_date=None, state=<TaskInstanceState.RUNNING: 'running'>, is_mapped=False, rendered_map_index=None, log_url='http://localhost:8080/dags/ecom_orders_pipeline/runs/manual__2025-10-19T15%3A11%3A50.646632%2B00%3A00_S0M1fD8N/tasks/gold_aggregate?try_number=1')","logger":"task"}
{"timestamp":"2025-10-19T15:11:54.317509Z","level":"info","event":"Task instance in success state","chan":"stdout","logger":"task"}
{"timestamp":"2025-10-19T15:11:54.317729Z","level":"info","event":" Previous state of the Task instance: TaskInstanceState.RUNNING","chan":"stdout","logger":"task"}
{"timestamp":"2025-10-19T15:11:54.317980Z","level":"info","event":"Task operator:<Task(BashOperator): gold_aggregate>","chan":"stdout","logger":"task"}
